1764682238.414675 client started (68601): version 3.6, socket /private/tmp/tmux-501/default, protocol 8
1764682238.414764 on Darwin 24.5.0 Darwin Kernel Version 24.5.0: Tue Apr 22 19:54:43 PDT 2025; root:xnu-11417.121.6~2/RELEASE_ARM64_T8132
1764682238.414785 using libevent 2.1.12-stable select
1764682238.414820 using utf8proc 2.11.2
1764682238.414829 using ncurses 6.5 20240427
1764682238.414855 flags are 0x18010000
1764682238.414866 socket is /private/tmp/tmux-501/default
1764682238.414884 trying connect
1764682238.414905 connect failed: Connection refused
1764682238.414928 lock file is /private/tmp/tmux-501/default.lock
1764682238.415063 flock succeeded
1764682238.415072 got lock (6)
1764682238.415083 trying connect
1764682238.415094 connect failed: Connection refused
1764682238.415663 add peer 0x600000c780d0: 7 (0x0)
1764682238.417915 sending message 111 to peer 0x600000c780d0 (8 bytes)
1764682238.417932 sending message 111 to peer 0x600000c780d0 (8 bytes)
1764682238.417941 sending message 101 to peer 0x600000c780d0 (15 bytes)
1764682238.417951 sending message 109 to peer 0x600000c780d0 (4 bytes)
1764682238.417958 sending message 102 to peer 0x600000c780d0 (13 bytes)
1764682238.417966 sending message 108 to peer 0x600000c780d0 (40 bytes)
1764682238.417972 sending message 112 to peer 0x600000c780d0 (58 bytes)
1764682238.417980 sending message 112 to peer 0x600000c780d0 (5 bytes)
1764682238.417988 sending message 112 to peer 0x600000c780d0 (5 bytes)
1764682238.417994 sending message 112 to peer 0x600000c780d0 (6 bytes)
1764682238.418001 sending message 112 to peer 0x600000c780d0 (6 bytes)
1764682238.418007 sending message 112 to peer 0x600000c780d0 (11 bytes)
1764682238.418014 sending message 112 to peer 0x600000c780d0 (10 bytes)
1764682238.418020 sending message 112 to peer 0x600000c780d0 (13 bytes)
1764682238.418027 sending message 112 to peer 0x600000c780d0 (14 bytes)
1764682238.418034 sending message 112 to peer 0x600000c780d0 (19 bytes)
1764682238.418040 sending message 112 to peer 0x600000c780d0 (11 bytes)
1764682238.418046 sending message 112 to peer 0x600000c780d0 (10 bytes)
1764682238.418053 sending message 112 to peer 0x600000c780d0 (15 bytes)
1764682238.418059 sending message 112 to peer 0x600000c780d0 (21 bytes)
1764682238.418066 sending message 112 to peer 0x600000c780d0 (13 bytes)
1764682238.418073 sending message 112 to peer 0x600000c780d0 (7 bytes)
1764682238.418079 sending message 112 to peer 0x600000c780d0 (13 bytes)
1764682238.418086 sending message 112 to peer 0x600000c780d0 (7 bytes)
1764682238.418092 sending message 112 to peer 0x600000c780d0 (13 bytes)
1764682238.418099 sending message 112 to peer 0x600000c780d0 (9 bytes)
1764682238.418106 sending message 112 to peer 0x600000c780d0 (21 bytes)
1764682238.418112 sending message 112 to peer 0x600000c780d0 (13 bytes)
1764682238.418118 sending message 112 to peer 0x600000c780d0 (9 bytes)
1764682238.418125 sending message 112 to peer 0x600000c780d0 (16 bytes)
1764682238.418132 sending message 112 to peer 0x600000c780d0 (13 bytes)
1764682238.418138 sending message 112 to peer 0x600000c780d0 (9 bytes)
1764682238.418145 sending message 112 to peer 0x600000c780d0 (9 bytes)
1764682238.418152 sending message 112 to peer 0x600000c780d0 (12 bytes)
1764682238.418158 sending message 112 to peer 0x600000c780d0 (8 bytes)
1764682238.418164 sending message 112 to peer 0x600000c780d0 (8 bytes)
1764682238.418170 sending message 112 to peer 0x600000c780d0 (13 bytes)
1764682238.418177 sending message 112 to peer 0x600000c780d0 (7 bytes)
1764682238.418184 sending message 112 to peer 0x600000c780d0 (7 bytes)
1764682238.418190 sending message 112 to peer 0x600000c780d0 (9 bytes)
1764682238.418196 sending message 112 to peer 0x600000c780d0 (9 bytes)
1764682238.418203 sending message 112 to peer 0x600000c780d0 (15 bytes)
1764682238.418209 sending message 112 to peer 0x600000c780d0 (13 bytes)
1764682238.418215 sending message 112 to peer 0x600000c780d0 (12 bytes)
1764682238.418222 sending message 112 to peer 0x600000c780d0 (8 bytes)
1764682238.418229 sending message 112 to peer 0x600000c780d0 (14 bytes)
1764682238.418243 sending message 112 to peer 0x600000c780d0 (11 bytes)
1764682238.418248 sending message 112 to peer 0x600000c780d0 (9 bytes)
1764682238.418253 sending message 112 to peer 0x600000c780d0 (10 bytes)
1764682238.418257 sending message 112 to peer 0x600000c780d0 (10 bytes)
1764682238.418263 sending message 112 to peer 0x600000c780d0 (10 bytes)
1764682238.418267 sending message 112 to peer 0x600000c780d0 (10 bytes)
1764682238.418272 sending message 112 to peer 0x600000c780d0 (11 bytes)
1764682238.418277 sending message 112 to peer 0x600000c780d0 (12 bytes)
1764682238.418283 sending message 112 to peer 0x600000c780d0 (12 bytes)
1764682238.418288 sending message 112 to peer 0x600000c780d0 (12 bytes)
1764682238.418292 sending message 112 to peer 0x600000c780d0 (12 bytes)
1764682238.418298 sending message 112 to peer 0x600000c780d0 (12 bytes)
1764682238.418303 sending message 112 to peer 0x600000c780d0 (11 bytes)
1764682238.418308 sending message 112 to peer 0x600000c780d0 (11 bytes)
1764682238.418313 sending message 112 to peer 0x600000c780d0 (12 bytes)
1764682238.418318 sending message 112 to peer 0x600000c780d0 (12 bytes)
1764682238.418322 sending message 112 to peer 0x600000c780d0 (12 bytes)
1764682238.418328 sending message 112 to peer 0x600000c780d0 (12 bytes)
1764682238.418333 sending message 112 to peer 0x600000c780d0 (12 bytes)
1764682238.418339 sending message 112 to peer 0x600000c780d0 (9 bytes)
1764682238.418345 sending message 112 to peer 0x600000c780d0 (12 bytes)
1764682238.418349 sending message 112 to peer 0x600000c780d0 (13 bytes)
1764682238.418354 sending message 112 to peer 0x600000c780d0 (13 bytes)
1764682238.418359 sending message 112 to peer 0x600000c780d0 (13 bytes)
1764682238.418364 sending message 112 to peer 0x600000c780d0 (13 bytes)
1764682238.418370 sending message 112 to peer 0x600000c780d0 (13 bytes)
1764682238.418375 sending message 112 to peer 0x600000c780d0 (8 bytes)
1764682238.418380 sending message 112 to peer 0x600000c780d0 (11 bytes)
1764682238.418385 sending message 112 to peer 0x600000c780d0 (11 bytes)
1764682238.418390 sending message 112 to peer 0x600000c780d0 (11 bytes)
1764682238.418396 sending message 112 to peer 0x600000c780d0 (12 bytes)
1764682238.418400 sending message 112 to peer 0x600000c780d0 (12 bytes)
1764682238.418405 sending message 112 to peer 0x600000c780d0 (12 bytes)
1764682238.418410 sending message 112 to peer 0x600000c780d0 (12 bytes)
1764682238.418415 sending message 112 to peer 0x600000c780d0 (13 bytes)
1764682238.418420 sending message 112 to peer 0x600000c780d0 (13 bytes)
1764682238.418425 sending message 112 to peer 0x600000c780d0 (13 bytes)
1764682238.418429 sending message 112 to peer 0x600000c780d0 (8 bytes)
1764682238.418434 sending message 112 to peer 0x600000c780d0 (13 bytes)
1764682238.418439 sending message 112 to peer 0x600000c780d0 (13 bytes)
1764682238.418444 sending message 112 to peer 0x600000c780d0 (13 bytes)
1764682238.418450 sending message 112 to peer 0x600000c780d0 (13 bytes)
1764682238.418455 sending message 112 to peer 0x600000c780d0 (13 bytes)
1764682238.418460 sending message 112 to peer 0x600000c780d0 (12 bytes)
1764682238.418465 sending message 112 to peer 0x600000c780d0 (12 bytes)
1764682238.418470 sending message 112 to peer 0x600000c780d0 (12 bytes)
1764682238.418475 sending message 112 to peer 0x600000c780d0 (12 bytes)
1764682238.418480 sending message 112 to peer 0x600000c780d0 (13 bytes)
1764682238.418486 sending message 112 to peer 0x600000c780d0 (8 bytes)
1764682238.418491 sending message 112 to peer 0x600000c780d0 (13 bytes)
1764682238.418496 sending message 112 to peer 0x600000c780d0 (13 bytes)
1764682238.418501 sending message 112 to peer 0x600000c780d0 (13 bytes)
1764682238.418507 sending message 112 to peer 0x600000c780d0 (13 bytes)
1764682238.418512 sending message 112 to peer 0x600000c780d0 (13 bytes)
1764682238.418517 sending message 112 to peer 0x600000c780d0 (13 bytes)
1764682238.418522 sending message 112 to peer 0x600000c780d0 (13 bytes)
1764682238.418528 sending message 112 to peer 0x600000c780d0 (12 bytes)
1764682238.418540 sending message 112 to peer 0x600000c780d0 (12 bytes)
1764682238.418545 sending message 112 to peer 0x600000c780d0 (12 bytes)
1764682238.418550 sending message 112 to peer 0x600000c780d0 (8 bytes)
1764682238.418554 sending message 112 to peer 0x600000c780d0 (12 bytes)
1764682238.418558 sending message 112 to peer 0x600000c780d0 (13 bytes)
1764682238.418562 sending message 112 to peer 0x600000c780d0 (13 bytes)
1764682238.418566 sending message 112 to peer 0x600000c780d0 (13 bytes)
1764682238.418570 sending message 112 to peer 0x600000c780d0 (13 bytes)
1764682238.418574 sending message 112 to peer 0x600000c780d0 (13 bytes)
1764682238.418578 sending message 112 to peer 0x600000c780d0 (13 bytes)
1764682238.418583 sending message 112 to peer 0x600000c780d0 (13 bytes)
1764682238.418588 sending message 112 to peer 0x600000c780d0 (13 bytes)
1764682238.418594 sending message 112 to peer 0x600000c780d0 (12 bytes)
1764682238.418599 sending message 112 to peer 0x600000c780d0 (10 bytes)
1764682238.418604 sending message 112 to peer 0x600000c780d0 (12 bytes)
1764682238.418608 sending message 112 to peer 0x600000c780d0 (12 bytes)
1764682238.418613 sending message 112 to peer 0x600000c780d0 (12 bytes)
1764682238.418618 sending message 112 to peer 0x600000c780d0 (13 bytes)
1764682238.418623 sending message 112 to peer 0x600000c780d0 (13 bytes)
1764682238.418628 sending message 112 to peer 0x600000c780d0 (13 bytes)
1764682238.418633 sending message 112 to peer 0x600000c780d0 (13 bytes)
1764682238.418638 sending message 112 to peer 0x600000c780d0 (13 bytes)
1764682238.418643 sending message 112 to peer 0x600000c780d0 (13 bytes)
1764682238.418647 sending message 112 to peer 0x600000c780d0 (13 bytes)
1764682238.418652 sending message 112 to peer 0x600000c780d0 (10 bytes)
1764682238.418657 sending message 112 to peer 0x600000c780d0 (13 bytes)
1764682238.418662 sending message 112 to peer 0x600000c780d0 (12 bytes)
1764682238.418667 sending message 112 to peer 0x600000c780d0 (12 bytes)
1764682238.418672 sending message 112 to peer 0x600000c780d0 (12 bytes)
1764682238.418676 sending message 112 to peer 0x600000c780d0 (10 bytes)
1764682238.418680 sending message 112 to peer 0x600000c780d0 (10 bytes)
1764682238.418684 sending message 112 to peer 0x600000c780d0 (10 bytes)
1764682238.418689 sending message 112 to peer 0x600000c780d0 (12 bytes)
1764682238.418693 sending message 112 to peer 0x600000c780d0 (13 bytes)
1764682238.418697 sending message 112 to peer 0x600000c780d0 (13 bytes)
1764682238.418702 sending message 112 to peer 0x600000c780d0 (13 bytes)
1764682238.418707 sending message 112 to peer 0x600000c780d0 (13 bytes)
1764682238.418712 sending message 112 to peer 0x600000c780d0 (13 bytes)
1764682238.418717 sending message 112 to peer 0x600000c780d0 (10 bytes)
1764682238.418721 sending message 112 to peer 0x600000c780d0 (11 bytes)
1764682238.418726 sending message 112 to peer 0x600000c780d0 (12 bytes)
1764682238.418731 sending message 112 to peer 0x600000c780d0 (12 bytes)
1764682238.418736 sending message 112 to peer 0x600000c780d0 (12 bytes)
1764682238.418740 sending message 112 to peer 0x600000c780d0 (12 bytes)
1764682238.418745 sending message 112 to peer 0x600000c780d0 (12 bytes)
1764682238.418749 sending message 112 to peer 0x600000c780d0 (11 bytes)
1764682238.418754 sending message 112 to peer 0x600000c780d0 (12 bytes)
1764682238.418758 sending message 112 to peer 0x600000c780d0 (12 bytes)
1764682238.418762 sending message 112 to peer 0x600000c780d0 (13 bytes)
1764682238.418766 sending message 112 to peer 0x600000c780d0 (13 bytes)
1764682238.418771 sending message 112 to peer 0x600000c780d0 (13 bytes)
1764682238.418775 sending message 112 to peer 0x600000c780d0 (13 bytes)
1764682238.418780 sending message 112 to peer 0x600000c780d0 (13 bytes)
1764682238.418785 sending message 112 to peer 0x600000c780d0 (10 bytes)
1764682238.418791 sending message 112 to peer 0x600000c780d0 (9 bytes)
1764682238.418796 sending message 112 to peer 0x600000c780d0 (12 bytes)
1764682238.418801 sending message 112 to peer 0x600000c780d0 (13 bytes)
1764682238.418814 sending message 112 to peer 0x600000c780d0 (13 bytes)
1764682238.418819 sending message 112 to peer 0x600000c780d0 (13 bytes)
1764682238.418825 sending message 112 to peer 0x600000c780d0 (13 bytes)
1764682238.418829 sending message 112 to peer 0x600000c780d0 (13 bytes)
1764682238.418834 sending message 112 to peer 0x600000c780d0 (9 bytes)
1764682238.418839 sending message 112 to peer 0x600000c780d0 (12 bytes)
1764682238.418844 sending message 112 to peer 0x600000c780d0 (13 bytes)
1764682238.418849 sending message 112 to peer 0x600000c780d0 (13 bytes)
1764682238.418853 sending message 112 to peer 0x600000c780d0 (13 bytes)
1764682238.418859 sending message 112 to peer 0x600000c780d0 (13 bytes)
1764682238.418864 sending message 112 to peer 0x600000c780d0 (13 bytes)
1764682238.418869 sending message 112 to peer 0x600000c780d0 (11 bytes)
1764682238.418874 sending message 112 to peer 0x600000c780d0 (12 bytes)
1764682238.418880 sending message 112 to peer 0x600000c780d0 (13 bytes)
1764682238.418884 sending message 112 to peer 0x600000c780d0 (13 bytes)
1764682238.418889 sending message 112 to peer 0x600000c780d0 (13 bytes)
1764682238.418894 sending message 112 to peer 0x600000c780d0 (13 bytes)
1764682238.418899 sending message 112 to peer 0x600000c780d0 (13 bytes)
1764682238.418904 sending message 112 to peer 0x600000c780d0 (11 bytes)
1764682238.418909 sending message 112 to peer 0x600000c780d0 (12 bytes)
1764682238.418914 sending message 112 to peer 0x600000c780d0 (12 bytes)
1764682238.418919 sending message 112 to peer 0x600000c780d0 (12 bytes)
1764682238.418924 sending message 112 to peer 0x600000c780d0 (12 bytes)
1764682238.418929 sending message 112 to peer 0x600000c780d0 (12 bytes)
1764682238.418934 sending message 112 to peer 0x600000c780d0 (21 bytes)
1764682238.418938 sending message 112 to peer 0x600000c780d0 (12 bytes)
1764682238.418942 sending message 112 to peer 0x600000c780d0 (9 bytes)
1764682238.418947 sending message 112 to peer 0x600000c780d0 (6 bytes)
1764682238.418952 sending message 112 to peer 0x600000c780d0 (13 bytes)
1764682238.418957 sending message 112 to peer 0x600000c780d0 (10 bytes)
1764682238.418961 sending message 112 to peer 0x600000c780d0 (24 bytes)
1764682238.418967 sending message 112 to peer 0x600000c780d0 (13 bytes)
1764682238.418972 sending message 112 to peer 0x600000c780d0 (9 bytes)
1764682238.418976 sending message 112 to peer 0x600000c780d0 (70 bytes)
1764682238.418981 sending message 112 to peer 0x600000c780d0 (69 bytes)
1764682238.418987 sending message 112 to peer 0x600000c780d0 (12 bytes)
1764682238.418991 sending message 112 to peer 0x600000c780d0 (10 bytes)
1764682238.418996 sending message 112 to peer 0x600000c780d0 (10 bytes)
1764682238.419001 sending message 112 to peer 0x600000c780d0 (24 bytes)
1764682238.419006 sending message 112 to peer 0x600000c780d0 (13 bytes)
1764682238.419011 sending message 112 to peer 0x600000c780d0 (10 bytes)
1764682238.419016 sending message 112 to peer 0x600000c780d0 (10 bytes)
1764682238.419021 sending message 112 to peer 0x600000c780d0 (10 bytes)
1764682238.419026 sending message 112 to peer 0x600000c780d0 (13 bytes)
1764682238.419031 sending message 112 to peer 0x600000c780d0 (15 bytes)
1764682238.419036 sending message 112 to peer 0x600000c780d0 (5 bytes)
1764682238.419043 sending message 104 to peer 0x600000c780d0 (0 bytes)
1764682238.419048 sending message 110 to peer 0x600000c780d0 (0 bytes)
1764682238.419053 sending message 107 to peer 0x600000c780d0 (4 bytes)
1764682238.419058 sending message 105 to peer 0x600000c780d0 (19 bytes)
1764682238.419063 sending message 105 to peer 0x600000c780d0 (46 bytes)
1764682238.419067 sending message 105 to peer 0x600000c780d0 (15 bytes)
1764682238.419072 sending message 105 to peer 0x600000c780d0 (76 bytes)
1764682238.419077 sending message 105 to peer 0x600000c780d0 (50 bytes)
1764682238.419082 sending message 105 to peer 0x600000c780d0 (55 bytes)
1764682238.419086 sending message 105 to peer 0x600000c780d0 (21 bytes)
1764682238.419091 sending message 105 to peer 0x600000c780d0 (20 bytes)
1764682238.419105 sending message 105 to peer 0x600000c780d0 (28 bytes)
1764682238.419111 sending message 105 to peer 0x600000c780d0 (8 bytes)
1764682238.419116 sending message 105 to peer 0x600000c780d0 (33 bytes)
1764682238.419121 sending message 105 to peer 0x600000c780d0 (21 bytes)
1764682238.419125 sending message 105 to peer 0x600000c780d0 (45 bytes)
1764682238.419131 sending message 105 to peer 0x600000c780d0 (29 bytes)
1764682238.419136 sending message 105 to peer 0x600000c780d0 (15 bytes)
1764682238.419142 sending message 105 to peer 0x600000c780d0 (444 bytes)
1764682238.419147 sending message 105 to peer 0x600000c780d0 (57 bytes)
1764682238.419152 sending message 105 to peer 0x600000c780d0 (12 bytes)
1764682238.419157 sending message 105 to peer 0x600000c780d0 (57 bytes)
1764682238.419161 sending message 105 to peer 0x600000c780d0 (32 bytes)
1764682238.419166 sending message 105 to peer 0x600000c780d0 (37 bytes)
1764682238.419171 sending message 105 to peer 0x600000c780d0 (33 bytes)
1764682238.419176 sending message 105 to peer 0x600000c780d0 (69 bytes)
1764682238.419182 sending message 105 to peer 0x600000c780d0 (17 bytes)
1764682238.419187 sending message 105 to peer 0x600000c780d0 (63 bytes)
1764682238.419192 sending message 105 to peer 0x600000c780d0 (30 bytes)
1764682238.419198 sending message 105 to peer 0x600000c780d0 (35 bytes)
1764682238.419202 sending message 105 to peer 0x600000c780d0 (55 bytes)
1764682238.419206 sending message 105 to peer 0x600000c780d0 (44 bytes)
1764682238.419211 sending message 105 to peer 0x600000c780d0 (34 bytes)
1764682238.419216 sending message 106 to peer 0x600000c780d0 (0 bytes)
1764682238.419296 sending message 200 to peer 0x600000c780d0 (4 bytes)
1764682238.419305 client loop enter
1764682238.419331 client_signal: Child exited: 20
1764682238.492461 peer 0x600000c780d0 message 207
1764682238.492474 sending message 208 to peer 0x600000c780d0 (0 bytes)
1764682240.819297 peer 0x600000c780d0 message 203
1764682240.819340 sending message 205 to peer 0x600000c780d0 (0 bytes)
1764682240.819907 peer 0x600000c780d0 message 204
1764682240.819926 client loop exit
